Z:\REPO\GDAP-Manager>dir
 Datenträger in Laufwerk Z: ist Storage
 Volumeseriennummer: D485-FD3F

 Verzeichnis von Z:\REPO\GDAP-Manager

25.03.2026  09:58    <DIR>          .
25.03.2026  09:58    <DIR>          ..
25.03.2026  09:58    <DIR>          Build
25.03.2026  09:58             1.558 electron.vite.config.ts
25.03.2026  09:58             1.089 LICENSE
25.03.2026  09:58               341 metadata.json
25.03.2026  09:58             1.696 package.json
25.03.2026  09:58                88 postcss.config.js
25.03.2026  09:58             5.485 README.md
25.03.2026  09:58    <DIR>          src
25.03.2026  09:58               219 tailwind.config.js
25.03.2026  09:58               728 tsconfig.json
25.03.2026  09:58               203 tsconfig.node.json
25.03.2026  09:58               603 vite.config.ts
              10 Datei(en),         12.010 Bytes
               4 Verzeichnis(se), 56.023.597.056 Bytes frei

Z:\REPO\GDAP-Manager>npm install
npm warn deprecated inflight@1.0.6: This module is not supported, and leaks memory. Do not use it. Check out lru-cache if you want a good and tested way to coalesce async requests by a key value, which is much more comprehensive and powerful.
npm warn deprecated glob@7.2.3: Old versions of glob are not supported, and contain widely publicized security vulnerabilities, which have been fixed in the current version. Please update. Support for old versions may be purchased (at exorbitant rates) by contacting i@izs.me
npm warn deprecated prebuild-install@7.1.3: No longer maintained. Please contact the author of the relevant native addon; alternatives are available.
npm warn deprecated rimraf@2.6.3: Rimraf versions prior to v4 are no longer supported
npm warn deprecated boolean@3.2.0: Package no longer supported. Contact Support at https://www.npmjs.com/support for more info.
npm warn deprecated glob@10.5.0: Old versions of glob are not supported, and contain widely publicized security vulnerabilities, which have been fixed in the current version. Please update. Support for old versions may be purchased (at exorbitant rates) by contacting i@izs.me

> GDAP-Manager@1.4.0 postinstall
> electron-builder install-app-deps

  • electron-builder  version=26.8.1
  • loaded configuration  file=package.json ("build" field)
  • executing @electron/rebuild  electronVersion=39.8.4 arch=x64 buildFromSource=false workspaceRoot=Z:\REPO\GDAP-Manager projectDir=./ appDir=./
  • installing native dependencies  arch=x64
  • preparing       moduleName=keytar arch=x64
  • finished        moduleName=keytar arch=x64
  • completed installing native dependencies

added 542 packages, and audited 543 packages in 1m

91 packages are looking for funding
  run `npm fund` for details

found 0 vulnerabilities
npm notice
npm notice New minor version of npm available! 11.11.0 -> 11.12.0
npm notice Changelog: https://github.com/npm/cli/releases/tag/v11.12.0
npm notice To update run: npm install -g npm@11.12.0
npm notice

Z:\REPO\GDAP-Manager>